[     776ms] [ERROR] Failed to load resource: the server responded with a status of 401 () @ https://www.krea.ai/api/galactus:0
[     863ms] [ERROR] Failed to load resource: the server responded with a status of 401 () @ https://www.krea.ai/api/flux-projects?itemOffset=0&limit=100:0
[     909ms] [ERROR] Failed to load resource: the server responded with a status of 401 () @ https://www.krea.ai/api/flux-projects/019cb3af-2ffe-7110-8ff8-4a85b9aa3602:0
[    1059ms] [WARNING] Invalid keyframe value for property filter: blur(-0.12170931658709527px) @ https://www.krea.ai/_app/a60462a46607c1c3/immutable/chunks/w5wIAqep.js:0
[    1059ms] [WARNING] Invalid keyframe value for property filter: blur(-0.4406737037037023px) @ https://www.krea.ai/_app/a60462a46607c1c3/immutable/chunks/w5wIAqep.js:0
[    1059ms] [WARNING] Invalid keyframe value for property filter: blur(-0.6798653564453128px) @ https://www.krea.ai/_app/a60462a46607c1c3/immutable/chunks/w5wIAqep.js:0
[    1059ms] [WARNING] Invalid keyframe value for property filter: blur(-0.8470857277199073px) @ https://www.krea.ai/_app/a60462a46607c1c3/immutable/chunks/w5wIAqep.js:0
[    1059ms] [WARNING] Invalid keyframe value for property filter: blur(-0.9501362704354754px) @ https://www.krea.ai/_app/a60462a46607c1c3/immutable/chunks/w5wIAqep.js:0
[    1059ms] [WARNING] Invalid keyframe value for property filter: blur(-0.9968184375px) @ https://www.krea.ai/_app/a60462a46607c1c3/immutable/chunks/w5wIAqep.js:0
[    1059ms] [WARNING] Invalid keyframe value for property filter: blur(-0.9949336818214705px) @ https://www.krea.ai/_app/a60462a46607c1c3/immutable/chunks/w5wIAqep.js:0
[    1059ms] [WARNING] Invalid keyframe value for property filter: blur(-0.9522834563078697px) @ https://www.krea.ai/_app/a60462a46607c1c3/immutable/chunks/w5wIAqep.js:0
[    1059ms] [WARNING] Invalid keyframe value for property filter: blur(-0.8766692138671872px) @ https://www.krea.ai/_app/a60462a46607c1c3/immutable/chunks/w5wIAqep.js:0
[    1059ms] [WARNING] Invalid keyframe value for property filter: blur(-0.7758924074074081px) @ https://www.krea.ai/_app/a60462a46607c1c3/immutable/chunks/w5wIAqep.js:0
[    1059ms] [WARNING] Invalid keyframe value for property filter: blur(-0.6577544898365173px) @ https://www.krea.ai/_app/a60462a46607c1c3/immutable/chunks/w5wIAqep.js:0
[    1059ms] [WARNING] Invalid keyframe value for property filter: blur(-0.5300569140625px) @ https://www.krea.ai/_app/a60462a46607c1c3/immutable/chunks/w5wIAqep.js:0
[    1059ms] [WARNING] Invalid keyframe value for property filter: blur(-0.40060113299334565px) @ https://www.krea.ai/_app/a60462a46607c1c3/immutable/chunks/w5wIAqep.js:0
[    1059ms] [WARNING] Invalid keyframe value for property filter: blur(-0.2771885995370371px) @ https://www.krea.ai/_app/a60462a46607c1c3/immutable/chunks/w5wIAqep.js:0
[    1059ms] [WARNING] Invalid keyframe value for property filter: blur(-0.16762076660156167px) @ https://www.krea.ai/_app/a60462a46607c1c3/immutable/chunks/w5wIAqep.js:0
[    1059ms] [WARNING] Invalid keyframe value for property filter: blur(-0.07969908709490658px) @ https://www.krea.ai/_app/a60462a46607c1c3/immutable/chunks/w5wIAqep.js:0
[    1059ms] [WARNING] Invalid keyframe value for property filter: blur(-0.021225013925056935px) @ https://www.krea.ai/_app/a60462a46607c1c3/immutable/chunks/w5wIAqep.js:0
[    1065ms] [ERROR] Not signed in with the identity provider. @ https://www.krea.ai/image?project=019cb3af-2ffe-7110-8ff8-4a85b9aa3602:0
[    1122ms] [WARNING] Invalid keyframe value for property filter: blur(-0.12170931658709527px) @ https://www.krea.ai/_app/a60462a46607c1c3/immutable/chunks/w5wIAqep.js:0
[    1123ms] [WARNING] Invalid keyframe value for property filter: blur(-0.4406737037037023px) @ https://www.krea.ai/_app/a60462a46607c1c3/immutable/chunks/w5wIAqep.js:0
[    1123ms] [WARNING] Invalid keyframe value for property filter: blur(-0.6798653564453128px) @ https://www.krea.ai/_app/a60462a46607c1c3/immutable/chunks/w5wIAqep.js:0
[    1123ms] [WARNING] Invalid keyframe value for property filter: blur(-0.8470857277199073px) @ https://www.krea.ai/_app/a60462a46607c1c3/immutable/chunks/w5wIAqep.js:0
[    1123ms] [WARNING] Invalid keyframe value for property filter: blur(-0.9501362704354754px) @ https://www.krea.ai/_app/a60462a46607c1c3/immutable/chunks/w5wIAqep.js:0
[    1123ms] [WARNING] Invalid keyframe value for property filter: blur(-0.9968184375px) @ https://www.krea.ai/_app/a60462a46607c1c3/immutable/chunks/w5wIAqep.js:0
[    1123ms] [WARNING] Invalid keyframe value for property filter: blur(-0.9949336818214705px) @ https://www.krea.ai/_app/a60462a46607c1c3/immutable/chunks/w5wIAqep.js:0
[    1123ms] [WARNING] Invalid keyframe value for property filter: blur(-0.9522834563078697px) @ https://www.krea.ai/_app/a60462a46607c1c3/immutable/chunks/w5wIAqep.js:0
[    1123ms] [WARNING] Invalid keyframe value for property filter: blur(-0.8766692138671872px) @ https://www.krea.ai/_app/a60462a46607c1c3/immutable/chunks/w5wIAqep.js:0
[    1123ms] [WARNING] Invalid keyframe value for property filter: blur(-0.7758924074074081px) @ https://www.krea.ai/_app/a60462a46607c1c3/immutable/chunks/w5wIAqep.js:0
[    1123ms] [WARNING] Invalid keyframe value for property filter: blur(-0.6577544898365173px) @ https://www.krea.ai/_app/a60462a46607c1c3/immutable/chunks/w5wIAqep.js:0
[    1123ms] [WARNING] Invalid keyframe value for property filter: blur(-0.5300569140625px) @ https://www.krea.ai/_app/a60462a46607c1c3/immutable/chunks/w5wIAqep.js:0
[    1123ms] [WARNING] Invalid keyframe value for property filter: blur(-0.40060113299334565px) @ https://www.krea.ai/_app/a60462a46607c1c3/immutable/chunks/w5wIAqep.js:0
[    1123ms] [WARNING] Invalid keyframe value for property filter: blur(-0.2771885995370371px) @ https://www.krea.ai/_app/a60462a46607c1c3/immutable/chunks/w5wIAqep.js:0
[    1123ms] [WARNING] Invalid keyframe value for property filter: blur(-0.16762076660156167px) @ https://www.krea.ai/_app/a60462a46607c1c3/immutable/chunks/w5wIAqep.js:0
[    1123ms] [WARNING] Invalid keyframe value for property filter: blur(-0.07969908709490658px) @ https://www.krea.ai/_app/a60462a46607c1c3/immutable/chunks/w5wIAqep.js:0
[    1123ms] [WARNING] Invalid keyframe value for property filter: blur(-0.021225013925056935px) @ https://www.krea.ai/_app/a60462a46607c1c3/immutable/chunks/w5wIAqep.js:0
[    1177ms] [WARNING] Invalid keyframe value for property filter: blur(-0.12170931658709527px) @ https://www.krea.ai/_app/a60462a46607c1c3/immutable/chunks/w5wIAqep.js:0
[    1177ms] [WARNING] Invalid keyframe value for property filter: blur(-0.4406737037037023px) @ https://www.krea.ai/_app/a60462a46607c1c3/immutable/chunks/w5wIAqep.js:0
[    1177ms] [WARNING] Invalid keyframe value for property filter: blur(-0.6798653564453128px) @ https://www.krea.ai/_app/a60462a46607c1c3/immutable/chunks/w5wIAqep.js:0
[    1177ms] [WARNING] Invalid keyframe value for property filter: blur(-0.8470857277199073px) @ https://www.krea.ai/_app/a60462a46607c1c3/immutable/chunks/w5wIAqep.js:0
[    1177ms] [WARNING] Invalid keyframe value for property filter: blur(-0.9501362704354754px) @ https://www.krea.ai/_app/a60462a46607c1c3/immutable/chunks/w5wIAqep.js:0
[    1177ms] [WARNING] Invalid keyframe value for property filter: blur(-0.9968184375px) @ https://www.krea.ai/_app/a60462a46607c1c3/immutable/chunks/w5wIAqep.js:0
[    1177ms] [WARNING] Invalid keyframe value for property filter: blur(-0.9949336818214705px) @ https://www.krea.ai/_app/a60462a46607c1c3/immutable/chunks/w5wIAqep.js:0
[    1177ms] [WARNING] Invalid keyframe value for property filter: blur(-0.9522834563078697px) @ https://www.krea.ai/_app/a60462a46607c1c3/immutable/chunks/w5wIAqep.js:0
[    1177ms] [WARNING] Invalid keyframe value for property filter: blur(-0.8766692138671872px) @ https://www.krea.ai/_app/a60462a46607c1c3/immutable/chunks/w5wIAqep.js:0
[    1177ms] [WARNING] Invalid keyframe value for property filter: blur(-0.7758924074074081px) @ https://www.krea.ai/_app/a60462a46607c1c3/immutable/chunks/w5wIAqep.js:0
[    1177ms] [WARNING] Invalid keyframe value for property filter: blur(-0.6577544898365173px) @ https://www.krea.ai/_app/a60462a46607c1c3/immutable/chunks/w5wIAqep.js:0
[    1177ms] [WARNING] Invalid keyframe value for property filter: blur(-0.5300569140625px) @ https://www.krea.ai/_app/a60462a46607c1c3/immutable/chunks/w5wIAqep.js:0
[    1177ms] [WARNING] Invalid keyframe value for property filter: blur(-0.40060113299334565px) @ https://www.krea.ai/_app/a60462a46607c1c3/immutable/chunks/w5wIAqep.js:0
[    1177ms] [WARNING] Invalid keyframe value for property filter: blur(-0.2771885995370371px) @ https://www.krea.ai/_app/a60462a46607c1c3/immutable/chunks/w5wIAqep.js:0
[    1177ms] [WARNING] Invalid keyframe value for property filter: blur(-0.16762076660156167px) @ https://www.krea.ai/_app/a60462a46607c1c3/immutable/chunks/w5wIAqep.js:0
[    1177ms] [WARNING] Invalid keyframe value for property filter: blur(-0.07969908709490658px) @ https://www.krea.ai/_app/a60462a46607c1c3/immutable/chunks/w5wIAqep.js:0
[    1177ms] [WARNING] Invalid keyframe value for property filter: blur(-0.021225013925056935px) @ https://www.krea.ai/_app/a60462a46607c1c3/immutable/chunks/w5wIAqep.js:0
[    1214ms] [WARNING] Invalid keyframe value for property filter: blur(-0.12170931658709527px) @ https://www.krea.ai/_app/a60462a46607c1c3/immutable/chunks/w5wIAqep.js:0
[    1214ms] [WARNING] Invalid keyframe value for property filter: blur(-0.4406737037037023px) @ https://www.krea.ai/_app/a60462a46607c1c3/immutable/chunks/w5wIAqep.js:0
[    1214ms] [WARNING] Invalid keyframe value for property filter: blur(-0.6798653564453128px) @ https://www.krea.ai/_app/a60462a46607c1c3/immutable/chunks/w5wIAqep.js:0
[    1214ms] [WARNING] Invalid keyframe value for property filter: blur(-0.8470857277199073px) @ https://www.krea.ai/_app/a60462a46607c1c3/immutable/chunks/w5wIAqep.js:0
[    1214ms] [WARNING] Invalid keyframe value for property filter: blur(-0.9501362704354754px) @ https://www.krea.ai/_app/a60462a46607c1c3/immutable/chunks/w5wIAqep.js:0
[    1214ms] [WARNING] Invalid keyframe value for property filter: blur(-0.9968184375px) @ https://www.krea.ai/_app/a60462a46607c1c3/immutable/chunks/w5wIAqep.js:0
[    1214ms] [WARNING] Invalid keyframe value for property filter: blur(-0.9949336818214705px) @ https://www.krea.ai/_app/a60462a46607c1c3/immutable/chunks/w5wIAqep.js:0
[    1214ms] [WARNING] Invalid keyframe value for property filter: blur(-0.9522834563078697px) @ https://www.krea.ai/_app/a60462a46607c1c3/immutable/chunks/w5wIAqep.js:0
[    1214ms] [WARNING] Invalid keyframe value for property filter: blur(-0.8766692138671872px) @ https://www.krea.ai/_app/a60462a46607c1c3/immutable/chunks/w5wIAqep.js:0
[    1214ms] [WARNING] Invalid keyframe value for property filter: blur(-0.7758924074074081px) @ https://www.krea.ai/_app/a60462a46607c1c3/immutable/chunks/w5wIAqep.js:0
[    1214ms] [WARNING] Invalid keyframe value for property filter: blur(-0.6577544898365173px) @ https://www.krea.ai/_app/a60462a46607c1c3/immutable/chunks/w5wIAqep.js:0
[    1214ms] [WARNING] Invalid keyframe value for property filter: blur(-0.5300569140625px) @ https://www.krea.ai/_app/a60462a46607c1c3/immutable/chunks/w5wIAqep.js:0
[    1214ms] [WARNING] Invalid keyframe value for property filter: blur(-0.40060113299334565px) @ https://www.krea.ai/_app/a60462a46607c1c3/immutable/chunks/w5wIAqep.js:0
[    1214ms] [WARNING] Invalid keyframe value for property filter: blur(-0.2771885995370371px) @ https://www.krea.ai/_app/a60462a46607c1c3/immutable/chunks/w5wIAqep.js:0
[    1214ms] [WARNING] Invalid keyframe value for property filter: blur(-0.16762076660156167px) @ https://www.krea.ai/_app/a60462a46607c1c3/immutable/chunks/w5wIAqep.js:0
[    1214ms] [WARNING] Invalid keyframe value for property filter: blur(-0.07969908709490658px) @ https://www.krea.ai/_app/a60462a46607c1c3/immutable/chunks/w5wIAqep.js:0
[    1214ms] [WARNING] Invalid keyframe value for property filter: blur(-0.021225013925056935px) @ https://www.krea.ai/_app/a60462a46607c1c3/immutable/chunks/w5wIAqep.js:0
[    5706ms] [WARNING] The resource https://www.krea.ai/api/img?f=webp&i=https%3A%2F%2Fs.krea.ai%2Fk1examples%2Fa_young_woman_with_short_black_hair_sitting_on_top_of_an_eagles_wing_in_the_style_of_rembrandt_light_7c41afbe-f22e-442a-92c0-b5dbdd83b228.webp&s=1024 was preloaded using link preload but not used within a few seconds from the window's load event. Please make sure it has an appropriate `as` value and it is preloaded intentionally. @ https://www.krea.ai/image?project=019cb3af-2ffe-7110-8ff8-4a85b9aa3602:0
[    5706ms] [WARNING] The resource https://www.krea.ai/api/img?f=webp&i=https%3A%2F%2Fs.krea.ai%2Fk1examples%2Fdark_underexposed_and_extremely_elegant_photo_of_a_silver_porsche_911_floating_out_of_balance_in_mid_27e76c23-e5ff-4121-8042-9430c106ba38.webp&s=1024 was preloaded using link preload but not used within a few seconds from the window's load event. Please make sure it has an appropriate `as` value and it is preloaded intentionally. @ https://www.krea.ai/image?project=019cb3af-2ffe-7110-8ff8-4a85b9aa3602:0
[    5706ms] [WARNING] The resource https://www.krea.ai/api/img?f=webp&i=https%3A%2F%2Fs.krea.ai%2Fk1examples%2Fa_bmw_e30_drifting_ethereal_illustration_soft_pastel_palette_dreamlike_lighting_translucent_renderin_f46f1dde-c9c5-4785-8200-c9246d0a435a.webp&s=1024 was preloaded using link preload but not used within a few seconds from the window's load event. Please make sure it has an appropriate `as` value and it is preloaded intentionally. @ https://www.krea.ai/image?project=019cb3af-2ffe-7110-8ff8-4a85b9aa3602:0
[    5706ms] [WARNING] The resource https://www.krea.ai/api/img?f=webp&i=https%3A%2F%2Fs.krea.ai%2Fk1examples%2Fa_small_warmly_lit_roadside_diner_glows_in_isolation_at_the_center_of_a_vast_barren_desert_basin_ben_1befc478-21ed-4a7a-859c-f8a6fce70f7b.webp&s=1024 was preloaded using link preload but not used within a few seconds from the window's load event. Please make sure it has an appropriate `as` value and it is preloaded intentionally. @ https://www.krea.ai/image?project=019cb3af-2ffe-7110-8ff8-4a85b9aa3602:0
[    6737ms] [ERROR] [GSI_LOGGER]: FedCM get() rejects with AbortError: signal is aborted without reason @ https://www.krea.ai/_app/a60462a46607c1c3/immutable/entry/app.Ciurf2dI.js:17
[   12875ms] [WARNING] The resource https://www.krea.ai/api/img?f=webp&i=https%3A%2F%2Fs.krea.ai%2Fk1examples%2Fa_young_woman_with_short_black_hair_sitting_on_top_of_an_eagles_wing_in_the_style_of_rembrandt_light_7c41afbe-f22e-442a-92c0-b5dbdd83b228.webp&s=1024 was preloaded using link preload but not used within a few seconds from the window's load event. Please make sure it has an appropriate `as` value and it is preloaded intentionally. @ https://www.krea.ai/image?project=019cb3af-2ffe-7110-8ff8-4a85b9aa3602:0
[   12875ms] [WARNING] The resource https://www.krea.ai/api/img?f=webp&i=https%3A%2F%2Fs.krea.ai%2Fk1examples%2Fdark_underexposed_and_extremely_elegant_photo_of_a_silver_porsche_911_floating_out_of_balance_in_mid_27e76c23-e5ff-4121-8042-9430c106ba38.webp&s=1024 was preloaded using link preload but not used within a few seconds from the window's load event. Please make sure it has an appropriate `as` value and it is preloaded intentionally. @ https://www.krea.ai/image?project=019cb3af-2ffe-7110-8ff8-4a85b9aa3602:0
[   12875ms] [WARNING] The resource https://www.krea.ai/api/img?f=webp&i=https%3A%2F%2Fs.krea.ai%2Fk1examples%2Fa_bmw_e30_drifting_ethereal_illustration_soft_pastel_palette_dreamlike_lighting_translucent_renderin_f46f1dde-c9c5-4785-8200-c9246d0a435a.webp&s=1024 was preloaded using link preload but not used within a few seconds from the window's load event. Please make sure it has an appropriate `as` value and it is preloaded intentionally. @ https://www.krea.ai/image?project=019cb3af-2ffe-7110-8ff8-4a85b9aa3602:0
[   12875ms] [WARNING] The resource https://www.krea.ai/api/img?f=webp&i=https%3A%2F%2Fs.krea.ai%2Fk1examples%2Fa_small_warmly_lit_roadside_diner_glows_in_isolation_at_the_center_of_a_vast_barren_desert_basin_ben_1befc478-21ed-4a7a-859c-f8a6fce70f7b.webp&s=1024 was preloaded using link preload but not used within a few seconds from the window's load event. Please make sure it has an appropriate `as` value and it is preloaded intentionally. @ https://www.krea.ai/image?project=019cb3af-2ffe-7110-8ff8-4a85b9aa3602:0
[   17017ms] [WARNING] The resource https://www.krea.ai/api/img?f=webp&i=https%3A%2F%2Fs.krea.ai%2Fk1examples%2Fa_young_woman_with_short_black_hair_sitting_on_top_of_an_eagles_wing_in_the_style_of_rembrandt_light_7c41afbe-f22e-442a-92c0-b5dbdd83b228.webp&s=1024 was preloaded using link preload but not used within a few seconds from the window's load event. Please make sure it has an appropriate `as` value and it is preloaded intentionally. @ https://www.krea.ai/image?project=019cb3af-2ffe-7110-8ff8-4a85b9aa3602:0
[   17017ms] [WARNING] The resource https://www.krea.ai/api/img?f=webp&i=https%3A%2F%2Fs.krea.ai%2Fk1examples%2Fdark_underexposed_and_extremely_elegant_photo_of_a_silver_porsche_911_floating_out_of_balance_in_mid_27e76c23-e5ff-4121-8042-9430c106ba38.webp&s=1024 was preloaded using link preload but not used within a few seconds from the window's load event. Please make sure it has an appropriate `as` value and it is preloaded intentionally. @ https://www.krea.ai/image?project=019cb3af-2ffe-7110-8ff8-4a85b9aa3602:0
[   17017ms] [WARNING] The resource https://www.krea.ai/api/img?f=webp&i=https%3A%2F%2Fs.krea.ai%2Fk1examples%2Fa_bmw_e30_drifting_ethereal_illustration_soft_pastel_palette_dreamlike_lighting_translucent_renderin_f46f1dde-c9c5-4785-8200-c9246d0a435a.webp&s=1024 was preloaded using link preload but not used within a few seconds from the window's load event. Please make sure it has an appropriate `as` value and it is preloaded intentionally. @ https://www.krea.ai/image?project=019cb3af-2ffe-7110-8ff8-4a85b9aa3602:0
[   17017ms] [WARNING] The resource https://www.krea.ai/api/img?f=webp&i=https%3A%2F%2Fs.krea.ai%2Fk1examples%2Fa_small_warmly_lit_roadside_diner_glows_in_isolation_at_the_center_of_a_vast_barren_desert_basin_ben_1befc478-21ed-4a7a-859c-f8a6fce70f7b.webp&s=1024 was preloaded using link preload but not used within a few seconds from the window's load event. Please make sure it has an appropriate `as` value and it is preloaded intentionally. @ https://www.krea.ai/image?project=019cb3af-2ffe-7110-8ff8-4a85b9aa3602:0
[   21349ms] [ERROR] Failed to load resource: the server responded with a status of 401 () @ https://challenges.cloudflare.com/cdn-cgi/challenge-platform/h/g/pat/9da3816fbb99605a/1773158146758/046a3e321e9887d1dc486a9bf8ba67b03f90a59909f8af491a54130a0ce407dc/SGtIomtdD1ME0bV:0
[   21359ms] [ERROR] %c%d font-size:0;color:transparent NaN @ https://challenges.cloudflare.com/cdn-cgi/challenge-platform/h/g/turnstile/f/ov2/av0/rch/6n0td/0x4AAAAAAARCAQia-P1X7s4C/dark/fbE/new/normal?lang=auto:0
[   21359ms] [ERROR] %c%d font-size:0;color:transparent NaN @ https://challenges.cloudflare.com/cdn-cgi/challenge-platform/h/g/turnstile/f/ov2/av0/rch/6n0td/0x4AAAAAAARCAQia-P1X7s4C/dark/fbE/new/normal?lang=auto:0
[   21360ms] [WARNING] %c%d font-size:0;color:transparent NaN @ https://challenges.cloudflare.com/cdn-cgi/challenge-platform/h/g/turnstile/f/ov2/av0/rch/6n0td/0x4AAAAAAARCAQia-P1X7s4C/dark/fbE/new/normal?lang=auto:0
[   21360ms] [WARNING] %c%d font-size:0;color:transparent NaN @ https://challenges.cloudflare.com/cdn-cgi/challenge-platform/h/g/turnstile/f/ov2/av0/rch/6n0td/0x4AAAAAAARCAQia-P1X7s4C/dark/fbE/new/normal?lang=auto:0
[   21402ms] [ERROR]  Note that 'script-src' was not explicitly set, so 'default-src' is used as a fallback. @ https://challenges.cloudflare.com/cdn-cgi/challenge-platform/h/g/turnstile/f/ov2/av0/rch/6n0td/0x4AAAAAAARCAQia-P1X7s4C/dark/fbE/new/normal?lang=auto:0
[   24981ms] [WARNING] The resource https://challenges.cloudflare.com/cdn-cgi/challenge-platform/h/g/cmg/1 was preloaded using link preload but not used within a few seconds from the window's load event. Please make sure it has an appropriate `as` value and it is preloaded intentionally. @ https://challenges.cloudflare.com/cdn-cgi/challenge-platform/h/g/turnstile/f/ov2/av0/rch/6n0td/0x4AAAAAAARCAQia-P1X7s4C/dark/fbE/new/normal?lang=auto:0
[   28850ms] [WARNING] The resource https://www.krea.ai/api/img?f=webp&i=https%3A%2F%2Fs.krea.ai%2Fk1examples%2Fa_young_woman_with_short_black_hair_sitting_on_top_of_an_eagles_wing_in_the_style_of_rembrandt_light_7c41afbe-f22e-442a-92c0-b5dbdd83b228.webp&s=1024 was preloaded using link preload but not used within a few seconds from the window's load event. Please make sure it has an appropriate `as` value and it is preloaded intentionally. @ https://www.krea.ai/image?project=019cb3af-2ffe-7110-8ff8-4a85b9aa3602:0
[   28850ms] [WARNING] The resource https://www.krea.ai/api/img?f=webp&i=https%3A%2F%2Fs.krea.ai%2Fk1examples%2Fdark_underexposed_and_extremely_elegant_photo_of_a_silver_porsche_911_floating_out_of_balance_in_mid_27e76c23-e5ff-4121-8042-9430c106ba38.webp&s=1024 was preloaded using link preload but not used within a few seconds from the window's load event. Please make sure it has an appropriate `as` value and it is preloaded intentionally. @ https://www.krea.ai/image?project=019cb3af-2ffe-7110-8ff8-4a85b9aa3602:0
[   28850ms] [WARNING] The resource https://www.krea.ai/api/img?f=webp&i=https%3A%2F%2Fs.krea.ai%2Fk1examples%2Fa_bmw_e30_drifting_ethereal_illustration_soft_pastel_palette_dreamlike_lighting_translucent_renderin_f46f1dde-c9c5-4785-8200-c9246d0a435a.webp&s=1024 was preloaded using link preload but not used within a few seconds from the window's load event. Please make sure it has an appropriate `as` value and it is preloaded intentionally. @ https://www.krea.ai/image?project=019cb3af-2ffe-7110-8ff8-4a85b9aa3602:0
[   28850ms] [WARNING] The resource https://www.krea.ai/api/img?f=webp&i=https%3A%2F%2Fs.krea.ai%2Fk1examples%2Fa_small_warmly_lit_roadside_diner_glows_in_isolation_at_the_center_of_a_vast_barren_desert_basin_ben_1befc478-21ed-4a7a-859c-f8a6fce70f7b.webp&s=1024 was preloaded using link preload but not used within a few seconds from the window's load event. Please make sure it has an appropriate `as` value and it is preloaded intentionally. @ https://www.krea.ai/image?project=019cb3af-2ffe-7110-8ff8-4a85b9aa3602:0
[  117018ms] [WARNING] The resource https://www.krea.ai/api/img?f=webp&i=https%3A%2F%2Fs.krea.ai%2Fk1examples%2Fa_young_woman_with_short_black_hair_sitting_on_top_of_an_eagles_wing_in_the_style_of_rembrandt_light_7c41afbe-f22e-442a-92c0-b5dbdd83b228.webp&s=1024 was preloaded using link preload but not used within a few seconds from the window's load event. Please make sure it has an appropriate `as` value and it is preloaded intentionally. @ https://www.krea.ai/image?project=019cb3af-2ffe-7110-8ff8-4a85b9aa3602:0
[  117019ms] [WARNING] The resource https://www.krea.ai/api/img?f=webp&i=https%3A%2F%2Fs.krea.ai%2Fk1examples%2Fdark_underexposed_and_extremely_elegant_photo_of_a_silver_porsche_911_floating_out_of_balance_in_mid_27e76c23-e5ff-4121-8042-9430c106ba38.webp&s=1024 was preloaded using link preload but not used within a few seconds from the window's load event. Please make sure it has an appropriate `as` value and it is preloaded intentionally. @ https://www.krea.ai/image?project=019cb3af-2ffe-7110-8ff8-4a85b9aa3602:0
[  117019ms] [WARNING] The resource https://www.krea.ai/api/img?f=webp&i=https%3A%2F%2Fs.krea.ai%2Fk1examples%2Fa_bmw_e30_drifting_ethereal_illustration_soft_pastel_palette_dreamlike_lighting_translucent_renderin_f46f1dde-c9c5-4785-8200-c9246d0a435a.webp&s=1024 was preloaded using link preload but not used within a few seconds from the window's load event. Please make sure it has an appropriate `as` value and it is preloaded intentionally. @ https://www.krea.ai/image?project=019cb3af-2ffe-7110-8ff8-4a85b9aa3602:0
[  117019ms] [WARNING] The resource https://www.krea.ai/api/img?f=webp&i=https%3A%2F%2Fs.krea.ai%2Fk1examples%2Fa_small_warmly_lit_roadside_diner_glows_in_isolation_at_the_center_of_a_vast_barren_desert_basin_ben_1befc478-21ed-4a7a-859c-f8a6fce70f7b.webp&s=1024 was preloaded using link preload but not used within a few seconds from the window's load event. Please make sure it has an appropriate `as` value and it is preloaded intentionally. @ https://www.krea.ai/image?project=019cb3af-2ffe-7110-8ff8-4a85b9aa3602:0
[  142461ms] [ERROR]  Note that 'script-src' was not explicitly set, so 'default-src' is used as a fallback. @ https://challenges.cloudflare.com/cdn-cgi/challenge-platform/h/g/turnstile/f/ov2/av0/rch/6n0td/0x4AAAAAAARCAQia-P1X7s4C/dark/fbE/auto_timeout/normal?lang=auto:0
[  142621ms] [ERROR] %c%d font-size:0;color:transparent NaN @ https://challenges.cloudflare.com/cdn-cgi/challenge-platform/h/g/turnstile/f/ov2/av0/rch/6n0td/0x4AAAAAAARCAQia-P1X7s4C/dark/fbE/auto_timeout/normal?lang=auto:0
[  142622ms] [ERROR] %c%d font-size:0;color:transparent NaN @ https://challenges.cloudflare.com/cdn-cgi/challenge-platform/h/g/turnstile/f/ov2/av0/rch/6n0td/0x4AAAAAAARCAQia-P1X7s4C/dark/fbE/auto_timeout/normal?lang=auto:0
[  142623ms] [WARNING] %c%d font-size:0;color:transparent NaN @ https://challenges.cloudflare.com/cdn-cgi/challenge-platform/h/g/turnstile/f/ov2/av0/rch/6n0td/0x4AAAAAAARCAQia-P1X7s4C/dark/fbE/auto_timeout/normal?lang=auto:0
[  142623ms] [WARNING] %c%d font-size:0;color:transparent NaN @ https://challenges.cloudflare.com/cdn-cgi/challenge-platform/h/g/turnstile/f/ov2/av0/rch/6n0td/0x4AAAAAAARCAQia-P1X7s4C/dark/fbE/auto_timeout/normal?lang=auto:0
[  142936ms] [ERROR] Failed to load resource: the server responded with a status of 401 () @ https://challenges.cloudflare.com/cdn-cgi/challenge-platform/h/g/pat/9da38465ba03b762/1773158268047/5898a966816413e2d0609a0cf78233ae17baab56d8592e43fb112638d77d37ac/S9JFXPJCpO7SeVd:0
[  146178ms] [WARNING] The resource https://www.krea.ai/api/img?f=webp&i=https%3A%2F%2Fs.krea.ai%2Fk1examples%2Fa_young_woman_with_short_black_hair_sitting_on_top_of_an_eagles_wing_in_the_style_of_rembrandt_light_7c41afbe-f22e-442a-92c0-b5dbdd83b228.webp&s=1024 was preloaded using link preload but not used within a few seconds from the window's load event. Please make sure it has an appropriate `as` value and it is preloaded intentionally. @ https://www.krea.ai/image?project=019cb3af-2ffe-7110-8ff8-4a85b9aa3602:0
[  146178ms] [WARNING] The resource https://www.krea.ai/api/img?f=webp&i=https%3A%2F%2Fs.krea.ai%2Fk1examples%2Fdark_underexposed_and_extremely_elegant_photo_of_a_silver_porsche_911_floating_out_of_balance_in_mid_27e76c23-e5ff-4121-8042-9430c106ba38.webp&s=1024 was preloaded using link preload but not used within a few seconds from the window's load event. Please make sure it has an appropriate `as` value and it is preloaded intentionally. @ https://www.krea.ai/image?project=019cb3af-2ffe-7110-8ff8-4a85b9aa3602:0
[  146178ms] [WARNING] The resource https://www.krea.ai/api/img?f=webp&i=https%3A%2F%2Fs.krea.ai%2Fk1examples%2Fa_bmw_e30_drifting_ethereal_illustration_soft_pastel_palette_dreamlike_lighting_translucent_renderin_f46f1dde-c9c5-4785-8200-c9246d0a435a.webp&s=1024 was preloaded using link preload but not used within a few seconds from the window's load event. Please make sure it has an appropriate `as` value and it is preloaded intentionally. @ https://www.krea.ai/image?project=019cb3af-2ffe-7110-8ff8-4a85b9aa3602:0
[  146178ms] [WARNING] The resource https://www.krea.ai/api/img?f=webp&i=https%3A%2F%2Fs.krea.ai%2Fk1examples%2Fa_small_warmly_lit_roadside_diner_glows_in_isolation_at_the_center_of_a_vast_barren_desert_basin_ben_1befc478-21ed-4a7a-859c-f8a6fce70f7b.webp&s=1024 was preloaded using link preload but not used within a few seconds from the window's load event. Please make sure it has an appropriate `as` value and it is preloaded intentionally. @ https://www.krea.ai/image?project=019cb3af-2ffe-7110-8ff8-4a85b9aa3602:0
[  146188ms] [WARNING] The resource https://challenges.cloudflare.com/cdn-cgi/challenge-platform/h/g/cmg/1 was preloaded using link preload but not used within a few seconds from the window's load event. Please make sure it has an appropriate `as` value and it is preloaded intentionally. @ https://challenges.cloudflare.com/cdn-cgi/challenge-platform/h/g/turnstile/f/ov2/av0/rch/6n0td/0x4AAAAAAARCAQia-P1X7s4C/dark/fbE/auto_timeout/normal?lang=auto:0
[  167624ms] [WARNING] The resource https://www.krea.ai/api/img?f=webp&i=https%3A%2F%2Fs.krea.ai%2Fk1examples%2Fa_young_woman_with_short_black_hair_sitting_on_top_of_an_eagles_wing_in_the_style_of_rembrandt_light_7c41afbe-f22e-442a-92c0-b5dbdd83b228.webp&s=1024 was preloaded using link preload but not used within a few seconds from the window's load event. Please make sure it has an appropriate `as` value and it is preloaded intentionally. @ https://www.krea.ai/image?project=019cb3af-2ffe-7110-8ff8-4a85b9aa3602:0
[  167624ms] [WARNING] The resource https://www.krea.ai/api/img?f=webp&i=https%3A%2F%2Fs.krea.ai%2Fk1examples%2Fdark_underexposed_and_extremely_elegant_photo_of_a_silver_porsche_911_floating_out_of_balance_in_mid_27e76c23-e5ff-4121-8042-9430c106ba38.webp&s=1024 was preloaded using link preload but not used within a few seconds from the window's load event. Please make sure it has an appropriate `as` value and it is preloaded intentionally. @ https://www.krea.ai/image?project=019cb3af-2ffe-7110-8ff8-4a85b9aa3602:0
[  167625ms] [WARNING] The resource https://www.krea.ai/api/img?f=webp&i=https%3A%2F%2Fs.krea.ai%2Fk1examples%2Fa_bmw_e30_drifting_ethereal_illustration_soft_pastel_palette_dreamlike_lighting_translucent_renderin_f46f1dde-c9c5-4785-8200-c9246d0a435a.webp&s=1024 was preloaded using link preload but not used within a few seconds from the window's load event. Please make sure it has an appropriate `as` value and it is preloaded intentionally. @ https://www.krea.ai/image?project=019cb3af-2ffe-7110-8ff8-4a85b9aa3602:0
[  167625ms] [WARNING] The resource https://www.krea.ai/api/img?f=webp&i=https%3A%2F%2Fs.krea.ai%2Fk1examples%2Fa_small_warmly_lit_roadside_diner_glows_in_isolation_at_the_center_of_a_vast_barren_desert_basin_ben_1befc478-21ed-4a7a-859c-f8a6fce70f7b.webp&s=1024 was preloaded using link preload but not used within a few seconds from the window's load event. Please make sure it has an appropriate `as` value and it is preloaded intentionally. @ https://www.krea.ai/image?project=019cb3af-2ffe-7110-8ff8-4a85b9aa3602:0
[  172025ms] [WARNING] The resource https://www.krea.ai/api/img?f=webp&i=https%3A%2F%2Fs.krea.ai%2Fk1examples%2Fa_young_woman_with_short_black_hair_sitting_on_top_of_an_eagles_wing_in_the_style_of_rembrandt_light_7c41afbe-f22e-442a-92c0-b5dbdd83b228.webp&s=1024 was preloaded using link preload but not used within a few seconds from the window's load event. Please make sure it has an appropriate `as` value and it is preloaded intentionally. @ https://www.krea.ai/image?project=019cb3af-2ffe-7110-8ff8-4a85b9aa3602:0
[  172025ms] [WARNING] The resource https://www.krea.ai/api/img?f=webp&i=https%3A%2F%2Fs.krea.ai%2Fk1examples%2Fdark_underexposed_and_extremely_elegant_photo_of_a_silver_porsche_911_floating_out_of_balance_in_mid_27e76c23-e5ff-4121-8042-9430c106ba38.webp&s=1024 was preloaded using link preload but not used within a few seconds from the window's load event. Please make sure it has an appropriate `as` value and it is preloaded intentionally. @ https://www.krea.ai/image?project=019cb3af-2ffe-7110-8ff8-4a85b9aa3602:0
[  172025ms] [WARNING] The resource https://www.krea.ai/api/img?f=webp&i=https%3A%2F%2Fs.krea.ai%2Fk1examples%2Fa_bmw_e30_drifting_ethereal_illustration_soft_pastel_palette_dreamlike_lighting_translucent_renderin_f46f1dde-c9c5-4785-8200-c9246d0a435a.webp&s=1024 was preloaded using link preload but not used within a few seconds from the window's load event. Please make sure it has an appropriate `as` value and it is preloaded intentionally. @ https://www.krea.ai/image?project=019cb3af-2ffe-7110-8ff8-4a85b9aa3602:0
[  172025ms] [WARNING] The resource https://www.krea.ai/api/img?f=webp&i=https%3A%2F%2Fs.krea.ai%2Fk1examples%2Fa_small_warmly_lit_roadside_diner_glows_in_isolation_at_the_center_of_a_vast_barren_desert_basin_ben_1befc478-21ed-4a7a-859c-f8a6fce70f7b.webp&s=1024 was preloaded using link preload but not used within a few seconds from the window's load event. Please make sure it has an appropriate `as` value and it is preloaded intentionally. @ https://www.krea.ai/image?project=019cb3af-2ffe-7110-8ff8-4a85b9aa3602:0
[  197013ms] [WARNING] The resource https://www.krea.ai/api/img?f=webp&i=https%3A%2F%2Fs.krea.ai%2Fk1examples%2Fa_young_woman_with_short_black_hair_sitting_on_top_of_an_eagles_wing_in_the_style_of_rembrandt_light_7c41afbe-f22e-442a-92c0-b5dbdd83b228.webp&s=1024 was preloaded using link preload but not used within a few seconds from the window's load event. Please make sure it has an appropriate `as` value and it is preloaded intentionally. @ https://www.krea.ai/image?project=019cb3af-2ffe-7110-8ff8-4a85b9aa3602:0
[  197013ms] [WARNING] The resource https://www.krea.ai/api/img?f=webp&i=https%3A%2F%2Fs.krea.ai%2Fk1examples%2Fdark_underexposed_and_extremely_elegant_photo_of_a_silver_porsche_911_floating_out_of_balance_in_mid_27e76c23-e5ff-4121-8042-9430c106ba38.webp&s=1024 was preloaded using link preload but not used within a few seconds from the window's load event. Please make sure it has an appropriate `as` value and it is preloaded intentionally. @ https://www.krea.ai/image?project=019cb3af-2ffe-7110-8ff8-4a85b9aa3602:0
[  197013ms] [WARNING] The resource https://www.krea.ai/api/img?f=webp&i=https%3A%2F%2Fs.krea.ai%2Fk1examples%2Fa_bmw_e30_drifting_ethereal_illustration_soft_pastel_palette_dreamlike_lighting_translucent_renderin_f46f1dde-c9c5-4785-8200-c9246d0a435a.webp&s=1024 was preloaded using link preload but not used within a few seconds from the window's load event. Please make sure it has an appropriate `as` value and it is preloaded intentionally. @ https://www.krea.ai/image?project=019cb3af-2ffe-7110-8ff8-4a85b9aa3602:0
[  197013ms] [WARNING] The resource https://www.krea.ai/api/img?f=webp&i=https%3A%2F%2Fs.krea.ai%2Fk1examples%2Fa_small_warmly_lit_roadside_diner_glows_in_isolation_at_the_center_of_a_vast_barren_desert_basin_ben_1befc478-21ed-4a7a-859c-f8a6fce70f7b.webp&s=1024 was preloaded using link preload but not used within a few seconds from the window's load event. Please make sure it has an appropriate `as` value and it is preloaded intentionally. @ https://www.krea.ai/image?project=019cb3af-2ffe-7110-8ff8-4a85b9aa3602:0
[  307016ms] [WARNING] The resource https://www.krea.ai/api/img?f=webp&i=https%3A%2F%2Fs.krea.ai%2Fk1examples%2Fa_young_woman_with_short_black_hair_sitting_on_top_of_an_eagles_wing_in_the_style_of_rembrandt_light_7c41afbe-f22e-442a-92c0-b5dbdd83b228.webp&s=1024 was preloaded using link preload but not used within a few seconds from the window's load event. Please make sure it has an appropriate `as` value and it is preloaded intentionally. @ https://www.krea.ai/image?project=019cb3af-2ffe-7110-8ff8-4a85b9aa3602:0
[  307016ms] [WARNING] The resource https://www.krea.ai/api/img?f=webp&i=https%3A%2F%2Fs.krea.ai%2Fk1examples%2Fdark_underexposed_and_extremely_elegant_photo_of_a_silver_porsche_911_floating_out_of_balance_in_mid_27e76c23-e5ff-4121-8042-9430c106ba38.webp&s=1024 was preloaded using link preload but not used within a few seconds from the window's load event. Please make sure it has an appropriate `as` value and it is preloaded intentionally. @ https://www.krea.ai/image?project=019cb3af-2ffe-7110-8ff8-4a85b9aa3602:0
[  307016ms] [WARNING] The resource https://www.krea.ai/api/img?f=webp&i=https%3A%2F%2Fs.krea.ai%2Fk1examples%2Fa_bmw_e30_drifting_ethereal_illustration_soft_pastel_palette_dreamlike_lighting_translucent_renderin_f46f1dde-c9c5-4785-8200-c9246d0a435a.webp&s=1024 was preloaded using link preload but not used within a few seconds from the window's load event. Please make sure it has an appropriate `as` value and it is preloaded intentionally. @ https://www.krea.ai/image?project=019cb3af-2ffe-7110-8ff8-4a85b9aa3602:0
[  307016ms] [WARNING] The resource https://www.krea.ai/api/img?f=webp&i=https%3A%2F%2Fs.krea.ai%2Fk1examples%2Fa_small_warmly_lit_roadside_diner_glows_in_isolation_at_the_center_of_a_vast_barren_desert_basin_ben_1befc478-21ed-4a7a-859c-f8a6fce70f7b.webp&s=1024 was preloaded using link preload but not used within a few seconds from the window's load event. Please make sure it has an appropriate `as` value and it is preloaded intentionally. @ https://www.krea.ai/image?project=019cb3af-2ffe-7110-8ff8-4a85b9aa3602:0
[  467259ms] [WARNING] The resource https://www.krea.ai/api/img?f=webp&i=https%3A%2F%2Fs.krea.ai%2Fk1examples%2Fa_young_woman_with_short_black_hair_sitting_on_top_of_an_eagles_wing_in_the_style_of_rembrandt_light_7c41afbe-f22e-442a-92c0-b5dbdd83b228.webp&s=1024 was preloaded using link preload but not used within a few seconds from the window's load event. Please make sure it has an appropriate `as` value and it is preloaded intentionally. @ https://www.krea.ai/image?project=019cb3af-2ffe-7110-8ff8-4a85b9aa3602:0
[  467259ms] [WARNING] The resource https://www.krea.ai/api/img?f=webp&i=https%3A%2F%2Fs.krea.ai%2Fk1examples%2Fdark_underexposed_and_extremely_elegant_photo_of_a_silver_porsche_911_floating_out_of_balance_in_mid_27e76c23-e5ff-4121-8042-9430c106ba38.webp&s=1024 was preloaded using link preload but not used within a few seconds from the window's load event. Please make sure it has an appropriate `as` value and it is preloaded intentionally. @ https://www.krea.ai/image?project=019cb3af-2ffe-7110-8ff8-4a85b9aa3602:0
[  467260ms] [WARNING] The resource https://www.krea.ai/api/img?f=webp&i=https%3A%2F%2Fs.krea.ai%2Fk1examples%2Fa_bmw_e30_drifting_ethereal_illustration_soft_pastel_palette_dreamlike_lighting_translucent_renderin_f46f1dde-c9c5-4785-8200-c9246d0a435a.webp&s=1024 was preloaded using link preload but not used within a few seconds from the window's load event. Please make sure it has an appropriate `as` value and it is preloaded intentionally. @ https://www.krea.ai/image?project=019cb3af-2ffe-7110-8ff8-4a85b9aa3602:0
[  467260ms] [WARNING] The resource https://www.krea.ai/api/img?f=webp&i=https%3A%2F%2Fs.krea.ai%2Fk1examples%2Fa_small_warmly_lit_roadside_diner_glows_in_isolation_at_the_center_of_a_vast_barren_desert_basin_ben_1befc478-21ed-4a7a-859c-f8a6fce70f7b.webp&s=1024 was preloaded using link preload but not used within a few seconds from the window's load event. Please make sure it has an appropriate `as` value and it is preloaded intentionally. @ https://www.krea.ai/image?project=019cb3af-2ffe-7110-8ff8-4a85b9aa3602:0
[  472006ms] [WARNING] The resource https://www.krea.ai/api/img?f=webp&i=https%3A%2F%2Fs.krea.ai%2Fk1examples%2Fa_young_woman_with_short_black_hair_sitting_on_top_of_an_eagles_wing_in_the_style_of_rembrandt_light_7c41afbe-f22e-442a-92c0-b5dbdd83b228.webp&s=1024 was preloaded using link preload but not used within a few seconds from the window's load event. Please make sure it has an appropriate `as` value and it is preloaded intentionally. @ https://www.krea.ai/image?project=019cb3af-2ffe-7110-8ff8-4a85b9aa3602:0
[  472006ms] [WARNING] The resource https://www.krea.ai/api/img?f=webp&i=https%3A%2F%2Fs.krea.ai%2Fk1examples%2Fdark_underexposed_and_extremely_elegant_photo_of_a_silver_porsche_911_floating_out_of_balance_in_mid_27e76c23-e5ff-4121-8042-9430c106ba38.webp&s=1024 was preloaded using link preload but not used within a few seconds from the window's load event. Please make sure it has an appropriate `as` value and it is preloaded intentionally. @ https://www.krea.ai/image?project=019cb3af-2ffe-7110-8ff8-4a85b9aa3602:0
[  472006ms] [WARNING] The resource https://www.krea.ai/api/img?f=webp&i=https%3A%2F%2Fs.krea.ai%2Fk1examples%2Fa_bmw_e30_drifting_ethereal_illustration_soft_pastel_palette_dreamlike_lighting_translucent_renderin_f46f1dde-c9c5-4785-8200-c9246d0a435a.webp&s=1024 was preloaded using link preload but not used within a few seconds from the window's load event. Please make sure it has an appropriate `as` value and it is preloaded intentionally. @ https://www.krea.ai/image?project=019cb3af-2ffe-7110-8ff8-4a85b9aa3602:0
[  472006ms] [WARNING] The resource https://www.krea.ai/api/img?f=webp&i=https%3A%2F%2Fs.krea.ai%2Fk1examples%2Fa_small_warmly_lit_roadside_diner_glows_in_isolation_at_the_center_of_a_vast_barren_desert_basin_ben_1befc478-21ed-4a7a-859c-f8a6fce70f7b.webp&s=1024 was preloaded using link preload but not used within a few seconds from the window's load event. Please make sure it has an appropriate `as` value and it is preloaded intentionally. @ https://www.krea.ai/image?project=019cb3af-2ffe-7110-8ff8-4a85b9aa3602:0
